2025-06-03 01:05:18,764 - INFO - Загрузка маркетов из файла Markets.txt...
2025-06-03 01:05:18,764 - INFO - Загружено 620 маркетов из Markets.txt
2025-06-03 01:05:18,764 - INFO - Период загрузки данных: с 2022-01-01 по 2025-06-01
2025-06-03 01:05:18,765 - INFO - Начинаем загрузку данных для 620 символов
2025-06-03 01:05:18,765 - INFO - Проверяем существование файла кэша по пути: /Users/admin/Desktop/Coint/historical_data.parquet
2025-06-03 01:05:18,765 - INFO - Файл кэша найден, размер: 1429086835 байт
2025-06-03 01:05:23,423 - WARNING - Обнаружены пропуски в данных для 1INCHUSDT
2025-06-03 01:05:24,470 - WARNING - Обнаружены пропуски в данных для 1SOLUSDT
2025-06-03 01:05:25,476 - WARNING - Обнаружены пропуски в данных для 3PUSDT
2025-06-03 01:05:26,511 - WARNING - Обнаружены пропуски в данных для 5IREUSDT
2025-06-03 01:05:27,496 - WARNING - Обнаружены пропуски в данных для A8USDT
2025-06-03 01:05:28,492 - WARNING - Обнаружены пропуски в данных для AARKUSDT
2025-06-03 01:05:29,496 - WARNING - Обнаружены пропуски в данных для AAVEUSDT
2025-06-03 01:05:30,494 - WARNING - Обнаружены пропуски в данных для ACAUSDT
2025-06-03 01:05:31,491 - WARNING - Обнаружены пропуски в данных для ACHUSDT
2025-06-03 01:05:32,502 - WARNING - Обнаружены пропуски в данных для ACSUSDT
2025-06-03 01:05:33,478 - WARNING - Обнаружены пропуски в данных для ADAEUR
2025-06-03 01:05:34,482 - WARNING - Обнаружены пропуски в данных для ADAUSDC
2025-06-03 01:05:35,519 - WARNING - Обнаружены пропуски в данных для ADAUSDT
2025-06-03 01:05:36,515 - WARNING - Обнаружены пропуски в данных для AEGUSDT
2025-06-03 01:05:37,517 - WARNING - Обнаружены пропуски в данных для AEVOUSDT
2025-06-03 01:05:38,533 - WARNING - Обнаружены пропуски в данных для AFCUSDT
2025-06-03 01:05:39,535 - WARNING - Обнаружены пропуски в данных для AGIUSDT
2025-06-03 01:05:40,521 - WARNING - Обнаружены пропуски в данных для AGLAUSDT
2025-06-03 01:05:41,509 - WARNING - Обнаружены пропуски в данных для AGLDUSDT
2025-06-03 01:05:42,503 - WARNING - Обнаружены пропуски в данных для AIOZUSDT
2025-06-03 01:05:43,511 - WARNING - Обнаружены пропуски в данных для AKIUSDT
2025-06-03 01:05:44,520 - WARNING - Обнаружены пропуски в данных для ALGOBTC
2025-06-03 01:05:45,518 - WARNING - Обнаружены пропуски в данных для ALGOUSDT
2025-06-03 01:05:46,511 - WARNING - Обнаружены пропуски в данных для ALTUSDT
2025-06-03 01:05:47,506 - WARNING - Обнаружены пропуски в данных для ANKRUSDT
2025-06-03 01:05:48,508 - WARNING - Обнаружены пропуски в данных для APEUSDT
2025-06-03 01:05:49,532 - WARNING - Обнаружены пропуски в данных для APEXUSDC
2025-06-03 01:05:50,522 - WARNING - Обнаружены пропуски в данных для APEXUSDT
2025-06-03 01:05:51,494 - WARNING - Обнаружены пропуски в данных для APRSUSDT
2025-06-03 01:05:52,468 - WARNING - Обнаружены пропуски в данных для APTRUSDT
2025-06-03 01:05:53,471 - WARNING - Обнаружены пропуски в данных для APTUSDC
2025-06-03 01:05:54,471 - WARNING - Обнаружены пропуски в данных для APTUSDT
2025-06-03 01:05:55,475 - WARNING - Обнаружены пропуски в данных для ARBUSDC
2025-06-03 01:05:56,479 - WARNING - Обнаружены пропуски в данных для ARTYUSDT
2025-06-03 01:05:57,454 - WARNING - Обнаружены пропуски в данных для ARUSDT
2025-06-03 01:05:58,443 - WARNING - Обнаружены пропуски в данных для ATHUSDT
2025-06-03 01:05:59,436 - WARNING - Обнаружены пропуски в данных для ATOMUSDT
2025-06-03 01:06:00,401 - WARNING - Обнаружены пропуски в данных для AURORAUSDT
2025-06-03 01:06:01,386 - WARNING - Обнаружены пропуски в данных для AURYUSDT
2025-06-03 01:06:02,394 - WARNING - Обнаружены пропуски в данных для AVAUSDT
2025-06-03 01:06:03,371 - WARNING - Обнаружены пропуски в данных для AVAXEUR
2025-06-03 01:06:04,356 - WARNING - Обнаружены пропуски в данных для AVAXUSDC
2025-06-03 01:06:05,350 - WARNING - Обнаружены пропуски в данных для AVAXUSDT
2025-06-03 01:06:06,358 - WARNING - Обнаружены пропуски в данных для AXLUSDT
2025-06-03 01:06:07,361 - WARNING - Обнаружены пропуски в данных для AXSUSDT
2025-06-03 01:06:08,325 - WARNING - Обнаружены пропуски в данных для BABYDOGEUSDT
2025-06-03 01:06:09,335 - WARNING - Обнаружены пропуски в данных для BATUSDT
2025-06-03 01:06:10,333 - WARNING - Обнаружены пропуски в данных для BBLUSDT
2025-06-03 01:06:11,285 - WARNING - Обнаружены пропуски в данных для BBUSDT
2025-06-03 01:06:12,290 - WARNING - Обнаружены пропуски в данных для BCHUSDT
2025-06-03 01:06:13,275 - WARNING - Обнаружены пропуски в данных для BCUTUSDT
2025-06-03 01:06:14,299 - WARNING - Обнаружены пропуски в данных для BELUSDT
2025-06-03 01:06:15,306 - WARNING - Обнаружены пропуски в данных для BICOUSDT
2025-06-03 01:06:16,254 - WARNING - Обнаружены пропуски в данных для BLASTUSDT
2025-06-03 01:06:17,217 - WARNING - Обнаружены пропуски в данных для BLOCKUSDT
2025-06-03 01:06:18,210 - WARNING - Обнаружены пропуски в данных для BLURUSDT
2025-06-03 01:06:19,217 - WARNING - Обнаружены пропуски в данных для BNBUSDT
2025-06-03 01:06:20,219 - WARNING - Обнаружены пропуски в данных для BNTUSDT
2025-06-03 01:06:21,217 - WARNING - Обнаружены пропуски в данных для BOBAUSDT
2025-06-03 01:06:22,232 - WARNING - Обнаружены пропуски в данных для BOBUSDT
2025-06-03 01:06:23,221 - WARNING - Обнаружены пропуски в данных для BOMEUSDT
2025-06-03 01:06:24,174 - WARNING - Обнаружены пропуски в данных для BONUSUSDT
2025-06-03 01:06:25,129 - WARNING - Обнаружены пропуски в данных для BRAWLUSDT
2025-06-03 01:06:26,078 - WARNING - Обнаружены пропуски в данных для BRETTUSDT
2025-06-03 01:06:27,023 - WARNING - Обнаружены пропуски в данных для BTCBRL
2025-06-03 01:06:28,008 - WARNING - Обнаружены пропуски в данных для BTCBRZ
2025-06-03 01:06:28,974 - WARNING - Обнаружены пропуски в данных для BTCDAI
2025-06-03 01:06:29,927 - WARNING - Обнаружены пропуски в данных для BTCEUR
2025-06-03 01:06:30,906 - WARNING - Обнаружены пропуски в данных для BTCUSDC
2025-06-03 01:06:31,880 - WARNING - Обнаружены пропуски в данных для BTCUSDE
2025-06-03 01:06:32,946 - WARNING - Обнаружены пропуски в данных для BTCUSDT
2025-06-03 01:06:33,950 - WARNING - Обнаружены пропуски в данных для BTTUSDT
2025-06-03 01:06:34,917 - WARNING - Обнаружены пропуски в данных для BUBBLEUSDT
2025-06-03 01:06:35,904 - WARNING - Обнаружены пропуски в данных для C98USDT
2025-06-03 01:06:36,878 - WARNING - Обнаружены пропуски в данных для CAKEUSDT
2025-06-03 01:06:37,857 - WARNING - Обнаружены пропуски в данных для CAPSUSDT
2025-06-03 01:06:38,839 - WARNING - Обнаружены пропуски в данных для CATUSDT
2025-06-03 01:06:39,817 - WARNING - Обнаружены пропуски в данных для CBKUSDT
2025-06-03 01:06:40,801 - WARNING - Обнаружены пропуски в данных для CBXUSDT
2025-06-03 01:06:41,770 - WARNING - Обнаружены пропуски в данных для CELOUSDT
2025-06-03 01:06:42,751 - WARNING - Обнаружены пропуски в данных для CELUSDT
2025-06-03 01:06:43,728 - WARNING - Обнаружены пропуски в данных для CGPTUSDT
2025-06-03 01:06:44,705 - WARNING - Обнаружены пропуски в данных для CHRPUSDT
2025-06-03 01:06:45,690 - WARNING - Обнаружены пропуски в данных для CHZUSDC
2025-06-03 01:06:46,672 - WARNING - Обнаружены пропуски в данных для CHZUSDT
2025-06-03 01:06:47,646 - WARNING - Обнаружены пропуски в данных для CITYUSDT
2025-06-03 01:06:48,596 - WARNING - Обнаружены пропуски в данных для CLOUDUSDT
2025-06-03 01:06:49,571 - WARNING - Обнаружены пропуски в данных для COMPUSDT
2025-06-03 01:06:50,508 - WARNING - Обнаружены пропуски в данных для COOKIEUSDT
2025-06-03 01:06:51,494 - WARNING - Обнаружены пропуски в данных для COQUSDT
2025-06-03 01:06:52,482 - WARNING - Обнаружены пропуски в данных для COREUSDT
2025-06-03 01:06:53,483 - WARNING - Обнаружены пропуски в данных для COTUSDT
2025-06-03 01:06:54,462 - WARNING - Обнаружены пропуски в данных для CPOOLUSDT
2025-06-03 01:06:55,462 - WARNING - Обнаружены пропуски в данных для CRVUSDT
2025-06-03 01:06:56,441 - WARNING - Обнаружены пропуски в данных для CSPRUSDT
2025-06-03 01:06:57,392 - WARNING - Обнаружены пропуски в данных для CYBERUSDT
2025-06-03 01:06:58,358 - WARNING - Обнаружены пропуски в данных для DEFIUSDT
2025-06-03 01:06:59,342 - WARNING - Обнаружены пропуски в данных для DGBUSDT
2025-06-03 01:07:00,319 - WARNING - Обнаружены пропуски в данных для DICEUSDT
2025-06-03 01:07:01,296 - WARNING - Обнаружены пропуски в данных для DLCUSDT
2025-06-03 01:07:02,282 - WARNING - Обнаружены пропуски в данных для DOGEEUR
2025-06-03 01:07:03,246 - WARNING - Обнаружены пропуски в данных для DOGEUSDC
2025-06-03 01:07:04,205 - WARNING - Обнаружены пропуски в данных для DOGEUSDT
2025-06-03 01:07:05,154 - WARNING - Обнаружены пропуски в данных для DOMEUSDT
2025-06-03 01:07:06,086 - WARNING - Обнаружены пропуски в данных для DOTBTC
2025-06-03 01:07:07,049 - WARNING - Обнаружены пропуски в данных для DOTUSDC
2025-06-03 01:07:08,013 - WARNING - Обнаружены пропуски в данных для DOTUSDT
2025-06-03 01:07:08,944 - WARNING - Обнаружены пропуски в данных для DRIFTUSDT
2025-06-03 01:07:09,891 - WARNING - Обнаружены пропуски в данных для DSRUNUSDT
2025-06-03 01:07:10,854 - WARNING - Обнаружены пропуски в данных для DUELUSDT
2025-06-03 01:07:11,811 - WARNING - Обнаружены пропуски в данных для DYDXUSDT
2025-06-03 01:07:12,773 - WARNING - Обнаружены пропуски в данных для DYMUSDT
2025-06-03 01:07:13,734 - WARNING - Обнаружены пропуски в данных для EGLDUSDT
2025-06-03 01:07:14,712 - WARNING - Обнаружены пропуски в данных для EGOUSDT
2025-06-03 01:07:15,675 - WARNING - Обнаружены пропуски в данных для ELDAUSDT
2025-06-03 01:07:16,648 - WARNING - Обнаружены пропуски в данных для ENAUSDT
2025-06-03 01:07:17,616 - WARNING - Обнаружены пропуски в данных для ENJUSDT
2025-06-03 01:07:18,585 - WARNING - Обнаружены пропуски в данных для EOSUSDT
2025-06-03 01:07:19,519 - WARNING - Обнаружены пропуски в данных для ERTHAUSDT
2025-06-03 01:07:20,493 - WARNING - Обнаружены пропуски в данных для ESEUSDT
2025-06-03 01:07:21,487 - WARNING - Обнаружены пропуски в данных для ETCUSDT
2025-06-03 01:07:22,426 - WARNING - Обнаружены пропуски в данных для ETHBRL
2025-06-03 01:07:23,369 - WARNING - Обнаружены пропуски в данных для ETHBTC
2025-06-03 01:07:24,312 - WARNING - Обнаружены пропуски в данных для ETHDAI
2025-06-03 01:07:25,249 - WARNING - Обнаружены пропуски в данных для ETHEUR
2025-06-03 01:07:26,182 - WARNING - Обнаружены пропуски в данных для ETHFIUSDT
2025-06-03 01:07:27,154 - WARNING - Обнаружены пропуски в данных для ETHUSDC
2025-06-03 01:07:28,200 - WARNING - Обнаружены пропуски в данных для ETHUSDT
2025-06-03 01:07:29,167 - WARNING - Обнаружены пропуски в данных для ETHWUSDT
2025-06-03 01:07:30,124 - WARNING - Обнаружены пропуски в данных для EVERUSDT
2025-06-03 01:07:31,064 - WARNING - Обнаружены пропуски в данных для EVERYUSDT
2025-06-03 01:07:32,029 - WARNING - Обнаружены пропуски в данных для EXVGUSDT
2025-06-03 01:07:32,967 - WARNING - Обнаружены пропуски в данных для FBUSDT
2025-06-03 01:07:33,933 - WARNING - Обнаружены пропуски в данных для FETUSDT
2025-06-03 01:07:34,888 - WARNING - Обнаружены пропуски в данных для FIDAUSDT
2025-06-03 01:07:35,853 - WARNING - Обнаружены пропуски в данных для FILUSDC
2025-06-03 01:07:36,822 - WARNING - Обнаружены пропуски в данных для FILUSDT
2025-06-03 01:07:37,779 - WARNING - Обнаружены пропуски в данных для FIREUSDT
2025-06-03 01:07:38,712 - WARNING - Обнаружены пропуски в данных для FITFIUSDT
2025-06-03 01:07:39,666 - WARNING - Обнаружены пропуски в данных для FLIPUSDT
2025-06-03 01:07:40,609 - WARNING - Обнаружены пропуски в данных для FLOKIUSDT
2025-06-03 01:07:41,569 - WARNING - Обнаружены пропуски в данных для FLOWUSDT
2025-06-03 01:07:42,537 - WARNING - Обнаружены пропуски в данных для FLRUSDT
2025-06-03 01:07:43,505 - WARNING - Обнаружены пропуски в данных для FLTUSDT
2025-06-03 01:07:44,479 - WARNING - Обнаружены пропуски в данных для FMBUSDT
2025-06-03 01:07:45,443 - WARNING - Обнаружены пропуски в данных для FORTUSDT
2025-06-03 01:07:46,402 - WARNING - Обнаружены пропуски в данных для FOXYUSDT
2025-06-03 01:07:47,373 - WARNING - Обнаружены пропуски в данных для FTTUSDT
2025-06-03 01:07:48,338 - WARNING - Обнаружены пропуски в данных для FXSUSDT
2025-06-03 01:07:49,272 - WARNING - Обнаружены пропуски в данных для G3USDT
2025-06-03 01:07:50,228 - WARNING - Обнаружены пропуски в данных для GALAUSDT
2025-06-03 01:07:51,151 - WARNING - Обнаружены пропуски в данных для GALAXISUSDT
2025-06-03 01:07:52,094 - WARNING - Обнаружены пропуски в данных для GCAKEUSDT
2025-06-03 01:07:53,059 - WARNING - Обнаружены пропуски в данных для GENEUSDT
2025-06-03 01:07:53,988 - WARNING - Обнаружены пропуски в данных для GGUSDT
2025-06-03 01:07:54,946 - WARNING - Обнаружены пропуски в данных для GLMRUSDT
2025-06-03 01:07:55,912 - WARNING - Обнаружены пропуски в данных для GMRXUSDT
2025-06-03 01:07:56,888 - WARNING - Обнаружены пропуски в данных для GMTUSDC
2025-06-03 01:07:57,853 - WARNING - Обнаружены пропуски в данных для GMTUSDT
2025-06-03 01:07:58,854 - WARNING - Обнаружены пропуски в данных для GMXUSDT
2025-06-03 01:07:59,815 - WARNING - Обнаружены пропуски в данных для GODSUSDT
2025-06-03 01:08:00,800 - WARNING - Обнаружены пропуски в данных для GRTUSDT
2025-06-03 01:08:01,779 - WARNING - Обнаружены пропуски в данных для GSTUSDT
2025-06-03 01:08:02,726 - WARNING - Обнаружены пропуски в данных для GSWIFTUSDT
2025-06-03 01:08:03,685 - WARNING - Обнаружены пропуски в данных для GTAIUSDT
2025-06-03 01:08:04,622 - WARNING - Обнаружены пропуски в данных для GUMMYUSDT
2025-06-03 01:08:05,585 - WARNING - Обнаружены пропуски в данных для HBARUSDT
2025-06-03 01:08:06,551 - WARNING - Обнаружены пропуски в данных для HFTUSDC
2025-06-03 01:08:07,523 - WARNING - Обнаружены пропуски в данных для HFTUSDT
2025-06-03 01:08:08,486 - WARNING - Обнаружены пропуски в данных для HLGUSDT
2025-06-03 01:08:09,460 - WARNING - Обнаружены пропуски в данных для HNTUSDT
2025-06-03 01:08:10,420 - WARNING - Обнаружены пропуски в данных для HOOKUSDT
2025-06-03 01:08:11,392 - WARNING - Обнаружены пропуски в данных для HOTUSDT
2025-06-03 01:08:12,362 - WARNING - Обнаружены пропуски в данных для HTXUSDT
2025-06-03 01:08:13,335 - WARNING - Обнаружены пропуски в данных для HVHUSDT
2025-06-03 01:08:14,321 - WARNING - Обнаружены пропуски в данных для ICPUSDT
2025-06-03 01:08:15,293 - WARNING - Обнаружены пропуски в данных для ICXUSDT
2025-06-03 01:08:16,234 - WARNING - Обнаружены пропуски в данных для IDUSDT
2025-06-03 01:08:17,210 - WARNING - Обнаружены пропуски в данных для IMXUSDT
2025-06-03 01:08:18,179 - WARNING - Обнаружены пропуски в данных для INJUSDT
2025-06-03 01:08:19,118 - WARNING - Обнаружены пропуски в данных для INTERUSDT
2025-06-03 01:08:20,055 - WARNING - Обнаружены пропуски в данных для IOUSDT
2025-06-03 01:08:21,035 - WARNING - Обнаружены пропуски в данных для IRLUSDT
2025-06-03 01:08:21,999 - WARNING - Обнаружены пропуски в данных для IZIUSDT
2025-06-03 01:08:22,936 - WARNING - Обнаружены пропуски в данных для JASMYUSDT
2025-06-03 01:08:23,905 - WARNING - Обнаружены пропуски в данных для JSTUSDT
2025-06-03 01:08:24,869 - WARNING - Обнаружены пропуски в данных для JTOUSDT
2025-06-03 01:08:25,840 - WARNING - Обнаружены пропуски в данных для JUPUSDT
2025-06-03 01:08:26,773 - WARNING - Обнаружены пропуски в данных для KARATEUSDT
2025-06-03 01:08:27,712 - WARNING - Обнаружены пропуски в данных для KASTAUSDT
2025-06-03 01:08:28,674 - WARNING - Обнаружены пропуски в данных для KASUSDT
2025-06-03 01:08:29,630 - WARNING - Обнаружены пропуски в данных для KAVAUSDT
2025-06-03 01:08:30,599 - WARNING - Обнаружены пропуски в данных для KCSUSDT
2025-06-03 01:08:31,566 - WARNING - Обнаружены пропуски в данных для KDAUSDT
2025-06-03 01:08:32,542 - WARNING - Обнаружены пропуски в данных для KMNOUSDT
2025-06-03 01:08:33,500 - WARNING - Обнаружены пропуски в данных для KMONUSDT
2025-06-03 01:08:34,471 - WARNING - Обнаружены пропуски в данных для KONUSDT
2025-06-03 01:08:35,439 - WARNING - Обнаружены пропуски в данных для KSMUSDT
2025-06-03 01:08:36,403 - WARNING - Обнаружены пропуски в данных для KUBUSDT
2025-06-03 01:08:37,372 - WARNING - Обнаружены пропуски в данных для LAIUSDT
2025-06-03 01:08:38,338 - WARNING - Обнаружены пропуски в данных для LDOUSDC
2025-06-03 01:08:39,305 - WARNING - Обнаружены пропуски в данных для LDOUSDT
2025-06-03 01:08:40,267 - WARNING - Обнаружены пропуски в данных для LFTUSDT
2025-06-03 01:08:41,235 - WARNING - Обнаружены пропуски в данных для LGXUSDT
2025-06-03 01:08:42,199 - WARNING - Обнаружены пропуски в данных для LINKEUR
2025-06-03 01:08:43,180 - WARNING - Обнаружены пропуски в данных для LINKUSDC
2025-06-03 01:08:44,162 - WARNING - Обнаружены пропуски в данных для LINKUSDT
2025-06-03 01:08:45,197 - WARNING - Обнаружены пропуски в данных для LISUSDT
2025-06-03 01:08:46,184 - WARNING - Обнаружены пропуски в данных для LLUSDT
2025-06-03 01:08:47,181 - WARNING - Обнаружены пропуски в данных для LMWRUSDT
2025-06-03 01:08:48,161 - WARNING - Обнаружены пропуски в данных для LOOKSUSDT
2025-06-03 01:08:49,169 - WARNING - Обнаружены пропуски в данных для LRCUSDT
2025-06-03 01:08:50,138 - WARNING - Обнаружены пропуски в данных для LTCEUR
2025-06-03 01:08:51,119 - WARNING - Обнаружены пропуски в данных для LTCUSDC
2025-06-03 01:08:52,129 - WARNING - Обнаружены пропуски в данных для LTCUSDT
2025-06-03 01:08:53,088 - WARNING - Обнаружены пропуски в данных для LUNAUSDT
2025-06-03 01:08:54,045 - WARNING - Обнаружены пропуски в данных для LUNCUSDT
2025-06-03 01:08:54,987 - WARNING - Обнаружены пропуски в данных для MAGICUSDT
2025-06-03 01:08:55,959 - WARNING - Обнаружены пропуски в данных для MANABTC
2025-06-03 01:08:56,912 - WARNING - Обнаружены пропуски в данных для MANAUSDC
2025-06-03 01:08:57,872 - WARNING - Обнаружены пропуски в данных для MANAUSDT
2025-06-03 01:08:58,808 - WARNING - Обнаружены пропуски в данных для MANTAUSDT
2025-06-03 01:08:59,761 - WARNING - Обнаружены пропуски в данных для MASAUSDT
2025-06-03 01:09:00,722 - WARNING - Обнаружены пропуски в данных для MASKUSDT
2025-06-03 01:09:01,666 - WARNING - Обнаружены пропуски в данных для MAVIAUSDT
2025-06-03 01:09:02,657 - WARNING - Обнаружены пропуски в данных для MBOXUSDT
2025-06-03 01:09:03,638 - WARNING - Обнаружены пропуски в данных для MBSUSDT
2025-06-03 01:09:04,608 - WARNING - Обнаружены пропуски в данных для MBXUSDT
2025-06-03 01:09:05,579 - WARNING - Обнаружены пропуски в данных для MCGUSDT
2025-06-03 01:09:06,531 - WARNING - Обнаружены пропуски в данных для MCRTUSDT
2025-06-03 01:09:07,490 - WARNING - Обнаружены пропуски в данных для MDAOUSDT
2025-06-03 01:09:08,457 - WARNING - Обнаружены пропуски в данных для MEEUSDT
2025-06-03 01:09:09,397 - WARNING - Обнаружены пропуски в данных для MELOSUSDT
2025-06-03 01:09:10,357 - WARNING - Обнаружены пропуски в данных для MEMEUSDT
2025-06-03 01:09:11,317 - WARNING - Обнаружены пропуски в данных для MERLUSDT
2025-06-03 01:09:12,289 - WARNING - Обнаружены пропуски в данных для METHETH
2025-06-03 01:09:13,248 - WARNING - Обнаружены пропуски в данных для METHUSDT
2025-06-03 01:09:14,231 - WARNING - Обнаружены пропуски в данных для MEWUSDT
2025-06-03 01:09:15,199 - WARNING - Обнаружены пропуски в данных для MINAUSDT
2025-06-03 01:09:16,172 - WARNING - Обнаружены пропуски в данных для MKRUSDT
2025-06-03 01:09:17,140 - WARNING - Обнаружены пропуски в данных для MLKUSDT
2025-06-03 01:09:18,073 - WARNING - Обнаружены пропуски в данных для MNTBTC
2025-06-03 01:09:19,039 - WARNING - Обнаружены пропуски в данных для MNTUSDC
2025-06-03 01:09:20,008 - WARNING - Обнаружены пропуски в данных для MNTUSDT
2025-06-03 01:09:20,968 - WARNING - Обнаружены пропуски в данных для MOCAUSDT
2025-06-03 01:09:21,935 - WARNING - Обнаружены пропуски в данных для MODEUSDT
2025-06-03 01:09:22,902 - WARNING - Обнаружены пропуски в данных для MOGUSDT
2025-06-03 01:09:23,862 - WARNING - Обнаружены пропуски в данных для MOJOUSDT
2025-06-03 01:09:24,833 - WARNING - Обнаружены пропуски в данных для MONUSDT
2025-06-03 01:09:25,800 - WARNING - Обнаружены пропуски в данных для MOVRUSDT
2025-06-03 01:09:26,757 - WARNING - Обнаружены пропуски в данных для MPLXUSDT
2025-06-03 01:09:27,696 - WARNING - Обнаружены пропуски в данных для MSTARUSDT
2025-06-03 01:09:28,664 - WARNING - Обнаружены пропуски в данных для MVLUSDT
2025-06-03 01:09:29,598 - WARNING - Обнаружены пропуски в данных для MYRIAUSDT
2025-06-03 01:09:30,556 - WARNING - Обнаружены пропуски в данных для MYROUSDT
2025-06-03 01:09:31,517 - WARNING - Обнаружены пропуски в данных для NAKAUSDT
2025-06-03 01:09:32,497 - WARNING - Обнаружены пропуски в данных для NEAREUR
2025-06-03 01:09:33,458 - WARNING - Обнаружены пропуски в данных для NEARUSDT
2025-06-03 01:09:34,422 - WARNING - Обнаружены пропуски в данных для NEONUSDT
2025-06-03 01:09:35,382 - WARNING - Обнаружены пропуски в данных для NESSUSDT
2025-06-03 01:09:36,340 - WARNING - Обнаружены пропуски в данных для NEXOUSDT
2025-06-03 01:09:37,306 - WARNING - Обнаружены пропуски в данных для NFTUSDT
2025-06-03 01:09:38,271 - WARNING - Обнаружены пропуски в данных для NGLUSDT
2025-06-03 01:09:39,233 - WARNING - Обнаружены пропуски в данных для NLKUSDT
2025-06-03 01:09:40,197 - WARNING - Обнаружены пропуски в данных для NOTUSDT
2025-06-03 01:09:41,164 - WARNING - Обнаружены пропуски в данных для NRNUSDT
2025-06-03 01:09:42,117 - WARNING - Обнаружены пропуски в данных для NYANUSDT
2025-06-03 01:09:43,083 - WARNING - Обнаружены пропуски в данных для NYMUSDT
2025-06-03 01:09:44,055 - WARNING - Обнаружены пропуски в данных для OMGUSDT
2025-06-03 01:09:45,028 - WARNING - Обнаружены пропуски в данных для ONDOEUR
2025-06-03 01:09:45,988 - WARNING - Обнаружены пропуски в данных для ONDOUSDT
2025-06-03 01:09:46,959 - WARNING - Обнаружены пропуски в данных для ONEUSDT
2025-06-03 01:09:47,893 - WARNING - Обнаружены пропуски в данных для OPUSDT
2025-06-03 01:09:48,851 - WARNING - Обнаружены пропуски в данных для ORDIUSDT
2025-06-03 01:09:49,816 - WARNING - Обнаружены пропуски в данных для ORTUSDT
2025-06-03 01:09:50,751 - WARNING - Обнаружены пропуски в данных для PARAMUSDT
2025-06-03 01:09:51,711 - WARNING - Обнаружены пропуски в данных для PAXGUSDT
2025-06-03 01:09:52,667 - WARNING - Обнаружены пропуски в данных для PBUXUSDT
2025-06-03 01:09:53,601 - WARNING - Обнаружены пропуски в данных для PENDLEUSDT
2025-06-03 01:09:54,571 - WARNING - Обнаружены пропуски в данных для PEPEEUR
2025-06-03 01:09:55,533 - WARNING - Обнаружены пропуски в данных для PEPEUSDT
2025-06-03 01:09:56,496 - WARNING - Обнаружены пропуски в данных для PERPUSDT
2025-06-03 01:09:57,466 - WARNING - Обнаружены пропуски в данных для PIPUSDT
2025-06-03 01:09:58,403 - WARNING - Обнаружены пропуски в данных для PIRATEUSDT
2025-06-03 01:09:59,347 - WARNING - Обнаружены пропуски в данных для PIXFIUSDT
2025-06-03 01:10:00,289 - WARNING - Обнаружены пропуски в данных для PLANETUSDT
2025-06-03 01:10:01,271 - WARNING - Обнаружены пропуски в данных для PLTUSDT
2025-06-03 01:10:02,248 - WARNING - Обнаружены пропуски в данных для POKTUSDT
2025-06-03 01:10:03,219 - WARNING - Обнаружены пропуски в данных для POLUSDT
2025-06-03 01:10:04,159 - WARNING - Обнаружены пропуски в данных для PONKEUSDT
2025-06-03 01:10:05,094 - WARNING - Обнаружены пропуски в данных для POPCATUSDT
2025-06-03 01:10:06,046 - WARNING - Обнаружены пропуски в данных для PORTALUSDT
2025-06-03 01:10:07,048 - WARNING - Обнаружены пропуски в данных для PRCLUSDT
2025-06-03 01:10:07,987 - WARNING - Обнаружены пропуски в данных для PRIMEUSDT
2025-06-03 01:10:08,969 - WARNING - Обнаружены пропуски в данных для PSGUSDT
2025-06-03 01:10:09,906 - WARNING - Обнаружены пропуски в данных для PSTAKEUSDT
2025-06-03 01:10:10,877 - WARNING - Обнаружены пропуски в данных для PTCUSDT
2025-06-03 01:10:11,849 - WARNING - Обнаружены пропуски в данных для PTUUSDT
2025-06-03 01:10:12,787 - WARNING - Обнаружены пропуски в данных для PUMLXUSDT
2025-06-03 01:10:13,740 - WARNING - Обнаружены пропуски в данных для PURSEUSDT
2025-06-03 01:10:14,713 - WARNING - Обнаружены пропуски в данных для PYTHUSDT
2025-06-03 01:10:15,651 - WARNING - Обнаружены пропуски в данных для QMALLUSDT
2025-06-03 01:10:16,623 - WARNING - Обнаружены пропуски в данных для QNTUSDT
2025-06-03 01:10:17,556 - WARNING - Обнаружены пропуски в данных для QORPOUSDT
2025-06-03 01:10:18,512 - WARNING - Обнаружены пропуски в данных для QTUMUSDT
2025-06-03 01:10:19,470 - WARNING - Обнаружены пропуски в данных для RACAUSDT
2025-06-03 01:10:20,436 - WARNING - Обнаружены пропуски в данных для RATSUSDT
2025-06-03 01:10:21,405 - WARNING - Обнаружены пропуски в данных для REALUSDT
2025-06-03 01:10:22,379 - WARNING - Обнаружены пропуски в данных для RENUSDT
2025-06-03 01:10:23,346 - WARNING - Обнаружены пропуски в данных для ROOTUSDT
2025-06-03 01:10:24,312 - WARNING - Обнаружены пропуски в данных для ROSEUSDT
2025-06-03 01:10:25,281 - WARNING - Обнаружены пропуски в данных для RPKUSDT
2025-06-03 01:10:26,249 - WARNING - Обнаружены пропуски в данных для RPLUSDT
2025-06-03 01:10:27,208 - WARNING - Обнаружены пропуски в данных для RSS3USDT
2025-06-03 01:10:28,170 - WARNING - Обнаружены пропуски в данных для RUNEUSDT
2025-06-03 01:10:29,143 - WARNING - Обнаружены пропуски в данных для RVNUSDT
2025-06-03 01:10:30,109 - WARNING - Обнаружены пропуски в данных для SAFEUSDT
2025-06-03 01:10:31,074 - WARNING - Обнаружены пропуски в данных для SAILUSDT
2025-06-03 01:10:32,042 - WARNING - Обнаружены пропуски в данных для SALDUSDT
2025-06-03 01:10:33,025 - WARNING - Обнаружены пропуски в данных для SANDBTC
2025-06-03 01:10:33,986 - WARNING - Обнаружены пропуски в данных для SANDUSDC
2025-06-03 01:10:34,952 - WARNING - Обнаружены пропуски в данных для SANDUSDT
2025-06-03 01:10:35,920 - WARNING - Обнаружены пропуски в данных для SCAUSDT
2025-06-03 01:10:36,888 - WARNING - Обнаружены пропуски в данных для SCRTUSDT
2025-06-03 01:10:37,825 - WARNING - Обнаружены пропуски в данных для SCUSDT
2025-06-03 01:10:38,761 - WARNING - Обнаружены пропуски в данных для SDUSDT
2025-06-03 01:10:39,725 - WARNING - Обнаружены пропуски в данных для SEIUSDC
2025-06-03 01:10:40,695 - WARNING - Обнаружены пропуски в данных для SEIUSDT
2025-06-03 01:10:41,660 - WARNING - Обнаружены пропуски в данных для SEORUSDT
2025-06-03 01:10:42,600 - WARNING - Обнаружены пропуски в данных для SFUNDUSDT
2025-06-03 01:10:43,567 - WARNING - Обнаружены пропуски в данных для SHIBUSDC
2025-06-03 01:10:44,526 - WARNING - Обнаружены пропуски в данных для SHIBUSDT
2025-06-03 01:10:45,464 - WARNING - Обнаружены пропуски в данных для SHRAPUSDT
2025-06-03 01:10:46,403 - WARNING - Обнаружены пропуски в данных для SIDUSUSDT
2025-06-03 01:10:47,371 - WARNING - Обнаружены пропуски в данных для SLPUSDT
2025-06-03 01:10:48,341 - WARNING - Обнаружены пропуски в данных для SNXUSDT
2025-06-03 01:10:49,279 - WARNING - Обнаружены пропуски в данных для SOLBTC
2025-06-03 01:10:50,214 - WARNING - Обнаружены пропуски в данных для SOLEUR
2025-06-03 01:10:51,181 - WARNING - Обнаружены пропуски в данных для SOLOUSDT
2025-06-03 01:10:52,155 - WARNING - Обнаружены пропуски в данных для SOLUSDC
2025-06-03 01:10:53,120 - WARNING - Обнаружены пропуски в данных для SOLUSDE
2025-06-03 01:10:54,086 - WARNING - Обнаружены пропуски в данных для SOLUSDT
2025-06-03 01:10:55,043 - WARNING - Обнаружены пропуски в данных для SPECUSDT
2025-06-03 01:10:55,986 - WARNING - Обнаружены пропуски в данных для SPELLUSDT
2025-06-03 01:10:56,957 - WARNING - Обнаружены пропуски в данных для SQDUSDT
2025-06-03 01:10:57,937 - WARNING - Обнаружены пропуски в данных для SQRUSDT
2025-06-03 01:10:58,905 - WARNING - Обнаружены пропуски в данных для SQTUSDT
2025-06-03 01:10:59,883 - WARNING - Обнаружены пропуски в данных для SSVUSDT
2025-06-03 01:11:00,844 - WARNING - Обнаружены пропуски в данных для STARUSDT
2025-06-03 01:11:01,806 - WARNING - Обнаружены пропуски в данных для STATUSDT
2025-06-03 01:11:02,800 - WARNING - Обнаружены пропуски в данных для STGUSDT
2025-06-03 01:11:03,764 - WARNING - Обнаружены пропуски в данных для STRKUSDC
2025-06-03 01:11:04,723 - WARNING - Обнаружены пропуски в данных для STRKUSDT
2025-06-03 01:11:05,693 - WARNING - Обнаружены пропуски в данных для STXUSDT
2025-06-03 01:11:06,663 - WARNING - Обнаружены пропуски в данных для SUIUSDC
2025-06-03 01:11:07,631 - WARNING - Обнаружены пропуски в данных для SUIUSDT
2025-06-03 01:11:08,594 - WARNING - Обнаружены пропуски в данных для SUNUSDT
2025-06-03 01:11:09,535 - WARNING - Обнаружены пропуски в данных для SUSHIUSDT
2025-06-03 01:11:10,505 - WARNING - Обнаружены пропуски в данных для SWEATUSDT
2025-06-03 01:11:11,459 - WARNING - Обнаружены пропуски в данных для TAIKOUSDT
2025-06-03 01:11:12,434 - WARNING - Обнаружены пропуски в данных для TAIUSDT
2025-06-03 01:11:13,397 - WARNING - Обнаружены пропуски в данных для TAVAUSDT
2025-06-03 01:11:14,375 - WARNING - Обнаружены пропуски в данных для TELUSDT
2025-06-03 01:11:15,314 - WARNING - Обнаружены пропуски в данных для TENETUSDT
2025-06-03 01:11:16,248 - WARNING - Обнаружены пропуски в данных для THETAUSDT
2025-06-03 01:11:17,219 - WARNING - Обнаружены пропуски в данных для THNUSDT
2025-06-03 01:11:18,182 - WARNING - Обнаружены пропуски в данных для TIAUSDT
2025-06-03 01:11:19,139 - WARNING - Обнаружены пропуски в данных для TIMEUSDT
2025-06-03 01:11:20,096 - WARNING - Обнаружены пропуски в данных для TNSRUSDT
2025-06-03 01:11:21,034 - WARNING - Обнаружены пропуски в данных для TOKENUSDT
2025-06-03 01:11:21,989 - WARNING - Обнаружены пропуски в данных для TOMIUSDT
2025-06-03 01:11:22,920 - WARNING - Обнаружены пропуски в данных для TONEUR
2025-06-03 01:11:23,890 - WARNING - Обнаружены пропуски в данных для TONUSDT
2025-06-03 01:11:24,853 - WARNING - Обнаружены пропуски в данных для TRCUSDT
2025-06-03 01:11:25,811 - WARNING - Обнаружены пропуски в данных для TRVLUSDT
2025-06-03 01:11:26,781 - WARNING - Обнаружены пропуски в данных для TRXUSDC
2025-06-03 01:11:27,745 - WARNING - Обнаружены пропуски в данных для TRXUSDT
2025-06-03 01:11:28,709 - WARNING - Обнаружены пропуски в данных для TSTUSDT
2025-06-03 01:11:29,642 - WARNING - Обнаружены пропуски в данных для TURBOSUSDT
2025-06-03 01:11:30,574 - WARNING - Обнаружены пропуски в данных для TUSDT
2025-06-03 01:11:31,534 - WARNING - Обнаружены пропуски в данных для TUSDUSDT
2025-06-03 01:11:32,513 - WARNING - Обнаружены пропуски в данных для TWTUSDT
2025-06-03 01:11:33,487 - WARNING - Обнаружены пропуски в данных для UMAUSDT
2025-06-03 01:11:34,465 - WARNING - Обнаружены пропуски в данных для UNIUSDT
2025-06-03 01:11:35,438 - WARNING - Обнаружены пропуски в данных для USDCEUR
2025-06-03 01:11:36,452 - WARNING - Обнаружены пропуски в данных для USDTBRL
2025-06-03 01:11:37,416 - WARNING - Обнаружены пропуски в данных для USDTBRZ
2025-06-03 01:11:38,385 - WARNING - Обнаружены пропуски в данных для USDTEUR
2025-06-03 01:11:39,340 - WARNING - Обнаружены пропуски в данных для USDYUSDT
2025-06-03 01:11:40,297 - WARNING - Обнаружены пропуски в данных для USTCUSDT
2025-06-03 01:11:41,230 - WARNING - Обнаружены пропуски в данных для UXLINKUSDT
2025-06-03 01:11:42,164 - WARNING - Обнаружены пропуски в данных для VANRYUSDT
2025-06-03 01:11:43,100 - WARNING - Обнаружены пропуски в данных для VELARUSDT
2025-06-03 01:11:44,056 - WARNING - Обнаружены пропуски в данных для VELAUSDT
2025-06-03 01:11:44,987 - WARNING - Обнаружены пропуски в данных для VENOMUSDT
2025-06-03 01:11:45,945 - WARNING - Обнаружены пропуски в данных для VEXTUSDT
2025-06-03 01:11:46,917 - WARNING - Обнаружены пропуски в данных для VICUSDT
2025-06-03 01:11:47,875 - WARNING - Обнаружены пропуски в данных для VINUUSDT
2025-06-03 01:11:48,832 - WARNING - Обнаружены пропуски в данных для VPADUSDT
2025-06-03 01:11:49,798 - WARNING - Обнаружены пропуски в данных для VPRUSDT
2025-06-03 01:11:50,765 - WARNING - Обнаружены пропуски в данных для VRAUSDT
2025-06-03 01:11:51,721 - WARNING - Обнаружены пропуски в данных для VRTXUSDT
2025-06-03 01:11:52,677 - WARNING - Обнаружены пропуски в данных для WAXPUSDT
2025-06-03 01:11:53,641 - WARNING - Обнаружены пропуски в данных для WBTCBTC
2025-06-03 01:11:54,594 - WARNING - Обнаружены пропуски в данных для WBTCUSDT
2025-06-03 01:11:55,552 - WARNING - Обнаружены пропуски в данных для WELLUSDT
2025-06-03 01:11:56,495 - WARNING - Обнаружены пропуски в данных для WEMIXUSDT
2025-06-03 01:11:57,463 - WARNING - Обнаружены пропуски в данных для WENUSDT
2025-06-03 01:11:58,396 - WARNING - Обнаружены пропуски в данных для WIFEUR
2025-06-03 01:11:59,353 - WARNING - Обнаружены пропуски в данных для WIFUSDT
2025-06-03 01:12:00,286 - WARNING - Обнаружены пропуски в данных для WLDEUR
2025-06-03 01:12:01,257 - WARNING - Обнаружены пропуски в данных для WLDUSDC
2025-06-03 01:12:02,248 - WARNING - Обнаружены пропуски в данных для WLDUSDT
2025-06-03 01:12:03,214 - WARNING - Обнаружены пропуски в данных для WLKNUSDT
2025-06-03 01:12:04,156 - WARNING - Обнаружены пропуски в данных для WUSDT
2025-06-03 01:12:05,128 - WARNING - Обнаружены пропуски в данных для WWYUSDT
2025-06-03 01:12:06,106 - WARNING - Обнаружены пропуски в данных для XAIUSDT
2025-06-03 01:12:07,079 - WARNING - Обнаружены пропуски в данных для XARUSDT
2025-06-03 01:12:08,046 - WARNING - Обнаружены пропуски в данных для XAVAUSDT
2025-06-03 01:12:09,005 - WARNING - Обнаружены пропуски в данных для XCADUSDT
2025-06-03 01:12:09,977 - WARNING - Обнаружены пропуски в данных для XDCUSDT
2025-06-03 01:12:10,955 - WARNING - Обнаружены пропуски в данных для XECUSDT
2025-06-03 01:12:11,934 - WARNING - Обнаружены пропуски в данных для XEMUSDT
2025-06-03 01:12:12,893 - WARNING - Обнаружены пропуски в данных для XETAUSDT
2025-06-03 01:12:13,843 - WARNING - Обнаружены пропуски в данных для XLMBTC
2025-06-03 01:12:14,861 - WARNING - Обнаружены пропуски в данных для XLMUSDC
2025-06-03 01:12:15,836 - WARNING - Обнаружены пропуски в данных для XLMUSDT
2025-06-03 01:12:16,773 - WARNING - Обнаружены пропуски в данных для XRPBTC
2025-06-03 01:12:17,743 - WARNING - Обнаружены пропуски в данных для XRPUSDC
2025-06-03 01:12:18,719 - WARNING - Обнаружены пропуски в данных для XRPUSDT
2025-06-03 01:12:19,697 - WARNING - Обнаружены пропуски в данных для XTZUSDT
2025-06-03 01:12:20,681 - WARNING - Обнаружены пропуски в данных для XYMUSDT
2025-06-03 01:12:21,654 - WARNING - Обнаружены пропуски в данных для YFIUSDT
2025-06-03 01:12:22,613 - WARNING - Обнаружены пропуски в данных для ZENTUSDT
2025-06-03 01:12:23,576 - WARNING - Обнаружены пропуски в данных для ZEROUSDT
2025-06-03 01:12:24,534 - WARNING - Обнаружены пропуски в данных для ZETAUSDT
2025-06-03 01:12:25,510 - WARNING - Обнаружены пропуски в данных для ZIGUSDT
2025-06-03 01:12:26,479 - WARNING - Обнаружены пропуски в данных для ZILUSDT
2025-06-03 01:12:27,451 - WARNING - Обнаружены пропуски в данных для ZKFUSDT
2025-06-03 01:12:28,423 - WARNING - Обнаружены пропуски в данных для ZKLUSDT
2025-06-03 01:12:29,364 - WARNING - Обнаружены пропуски в данных для ZKUSDC
2025-06-03 01:12:30,302 - WARNING - Обнаружены пропуски в данных для ZKUSDT
2025-06-03 01:12:31,271 - WARNING - Обнаружены пропуски в данных для ZROUSDC
2025-06-03 01:12:32,253 - WARNING - Обнаружены пропуски в данных для ZROUSDT
2025-06-03 01:12:33,226 - WARNING - Обнаружены пропуски в данных для ZRXUSDT
2025-06-03 01:12:33,400 - ERROR - Ошибка при обработке символа BTCUSDT: The truth value of a DataFrame is ambiguous. Use a.empty, a.bool(), a.item(), a.any() or a.all().
2025-06-03 01:12:33,400 - ERROR - Ошибка при обработке символа ETHUSDT: The truth value of a DataFrame is ambiguous. Use a.empty, a.bool(), a.item(), a.any() or a.all().
2025-06-03 01:12:33,400 - ERROR - Ошибка при обработке символа SOLUSDT: The truth value of a DataFrame is ambiguous. Use a.empty, a.bool(), a.item(), a.any() or a.all().
2025-06-03 01:12:33,401 - ERROR - Ошибка при обработке символа BTCUSDC: The truth value of a DataFrame is ambiguous. Use a.empty, a.bool(), a.item(), a.any() or a.all().
2025-06-03 01:12:33,401 - INFO - Начало загрузки данных для символа USDCUSDT за период 2022-01-01 - 2025-06-01
2025-06-03 01:12:33,401 - INFO - Текущее время задержки перед загрузкой для USDCUSDT: 0.000 секунд
2025-06-03 01:12:33,401 - INFO - [Символ USDCUSDT] Всего чанков для загрузки: 599
2025-06-03 01:12:51,316 - INFO - Статистика запросов: RPS=4.0, Средний RPS=0.1
2025-06-03 01:13:04,387 - INFO - Статистика запросов: RPS=4.0, Средний RPS=0.2
2025-06-03 01:13:23,601 - INFO - Статистика запросов: RPS=3.0, Средний RPS=0.3
2025-06-03 01:13:48,383 - INFO - Статистика запросов: RPS=3.0, Средний RPS=0.4
2025-06-03 01:14:10,397 - INFO - Статистика запросов: RPS=2.0, Средний RPS=0.5
2025-06-03 01:14:39,989 - INFO - Статистика запросов: RPS=3.0, Средний RPS=0.5
2025-06-03 01:15:02,004 - INFO - Статистика запросов: RPS=2.0, Средний RPS=0.6
2025-06-03 01:15:29,140 - INFO - Статистика запросов: RPS=2.0, Средний RPS=0.7
2025-06-03 01:15:49,031 - INFO - Статистика запросов: RPS=4.0, Средний RPS=0.7
2025-06-03 01:16:01,863 - INFO - Статистика запросов: RPS=5.0, Средний RPS=0.8
2025-06-03 01:16:17,261 - INFO - Статистика запросов: RPS=5.0, Средний RPS=0.8
2025-06-03 01:16:36,198 - INFO - [USDCUSDT] Успешно загружено 119313 записей
2025-06-03 01:16:37,923 - INFO - [USDCUSDT] Данные успешно преобразованы в DataFrame (119313 записей)
2025-06-03 01:16:38,865 - INFO - Сохранение батча 1 (1 символов)
2025-06-03 01:17:03,039 - INFO - Батч 1 сохранен (119313 записей)
2025-06-03 01:17:03,070 - INFO - Начало очистки памяти (gc.collect) после сохранения батча 1
2025-06-03 01:17:03,213 - INFO - Очистка памяти после сохранения батча 1 завершена
2025-06-03 01:17:03,828 - ERROR - Ошибка при обработке символа XRPUSDT: The truth value of a DataFrame is ambiguous. Use a.empty, a.bool(), a.item(), a.any() or a.all().
2025-06-03 01:17:03,848 - ERROR - Ошибка при обработке символа MNTUSDT: The truth value of a DataFrame is ambiguous. Use a.empty, a.bool(), a.item(), a.any() or a.all().
2025-06-03 01:17:03,848 - ERROR - Ошибка при обработке символа ETHUSDC: The truth value of a DataFrame is ambiguous. Use a.empty, a.bool(), a.item(), a.any() or a.all().
2025-06-03 01:17:03,848 - ERROR - Ошибка при обработке символа SUIUSDT: The truth value of a DataFrame is ambiguous. Use a.empty, a.bool(), a.item(), a.any() or a.all().
2025-06-03 01:17:03,848 - ERROR - Ошибка при обработке символа PEPEUSDT: The truth value of a DataFrame is ambiguous. Use a.empty, a.bool(), a.item(), a.any() or a.all().
2025-06-03 01:17:03,849 - INFO - Начало загрузки данных для символа FLOCKUSDT за период 2022-01-01 - 2025-06-01
2025-06-03 01:17:03,849 - INFO - Текущее время задержки перед загрузкой для FLOCKUSDT: 0.000 секунд
2025-06-03 01:17:03,849 - INFO - [Символ FLOCKUSDT] Всего чанков для загрузки: 599
2025-06-03 01:17:04,073 - INFO - Статистика запросов: RPS=1.0, Средний RPS=0.9
2025-06-03 01:17:20,368 - INFO - Статистика запросов: RPS=5.0, Средний RPS=0.9
2025-06-03 01:17:33,456 - INFO - Статистика запросов: RPS=5.0, Средний RPS=1.0
2025-06-03 01:17:46,269 - INFO - Статистика запросов: RPS=4.0, Средний RPS=1.0
2025-06-03 01:17:57,759 - INFO - Статистика запросов: RPS=5.0, Средний RPS=1.1
2025-06-03 01:18:09,356 - INFO - Статистика запросов: RPS=5.0, Средний RPS=1.1
2025-06-03 01:18:24,107 - INFO - Статистика запросов: RPS=5.0, Средний RPS=1.1
2025-06-03 01:18:36,494 - INFO - Статистика запросов: RPS=5.0, Средний RPS=1.2
2025-06-03 01:18:49,076 - INFO - Статистика запросов: RPS=5.0, Средний RPS=1.2
2025-06-03 01:18:59,877 - INFO - Статистика запросов: RPS=5.0, Средний RPS=1.3
2025-06-03 01:19:12,060 - INFO - Статистика запросов: RPS=4.0, Средний RPS=1.3
2025-06-03 01:19:28,049 - INFO - Статистика запросов: RPS=4.0, Средний RPS=1.4
2025-06-03 01:19:41,653 - INFO - [FLOCKUSDT] Успешно загружено 14546 записей
2025-06-03 01:19:44,431 - INFO - [FLOCKUSDT] Данные успешно преобразованы в DataFrame (14546 записей)
2025-06-03 01:19:45,360 - INFO - Сохранение батча 2 (1 символов)
2025-06-03 01:20:06,473 - INFO - Батч 2 сохранен (14546 записей)
2025-06-03 01:20:06,487 - INFO - Начало очистки памяти (gc.collect) после сохранения батча 2
2025-06-03 01:20:06,526 - INFO - Очистка памяти после сохранения батча 2 завершена
2025-06-03 01:20:06,943 - ERROR - Ошибка при обработке символа DOGEUSDT: The truth value of a DataFrame is ambiguous. Use a.empty, a.bool(), a.item(), a.any() or a.all().
2025-06-03 01:20:06,965 - INFO - Начало загрузки данных для символа USDEUSDC за период 2022-01-01 - 2025-06-01
2025-06-03 01:20:06,965 - INFO - Текущее время задержки перед загрузкой для USDEUSDC: 0.000 секунд
2025-06-03 01:20:06,966 - INFO - [Символ USDEUSDC] Всего чанков для загрузки: 599
2025-06-03 01:20:07,405 - INFO - Статистика запросов: RPS=2.0, Средний RPS=1.4
2025-06-03 01:20:22,321 - INFO - Статистика запросов: RPS=5.0, Средний RPS=1.4
2025-06-03 01:20:36,842 - INFO - Статистика запросов: RPS=4.0, Средний RPS=1.4
2025-06-03 01:20:47,948 - INFO - Статистика запросов: RPS=5.0, Средний RPS=1.5
2025-06-03 01:20:58,744 - INFO - Статистика запросов: RPS=5.0, Средний RPS=1.5
2025-06-03 01:21:11,754 - INFO - Статистика запросов: RPS=5.0, Средний RPS=1.5
2025-06-03 01:21:26,989 - INFO - Статистика запросов: RPS=3.0, Средний RPS=1.5
2025-06-03 01:21:38,417 - INFO - Статистика запросов: RPS=5.0, Средний RPS=1.6
2025-06-03 01:21:50,261 - INFO - Статистика запросов: RPS=5.0, Средний RPS=1.6
2025-06-03 01:22:08,523 - INFO - Статистика запросов: RPS=3.0, Средний RPS=1.6
2025-06-03 01:22:31,198 - INFO - Статистика запросов: RPS=4.0, Средний RPS=1.6
2025-06-03 01:22:52,864 - INFO - Статистика запросов: RPS=3.0, Средний RPS=1.7
2025-06-03 01:23:08,587 - INFO - [USDEUSDC] Успешно загружено 34626 записей
2025-06-03 01:23:10,862 - INFO - [USDEUSDC] Данные успешно преобразованы в DataFrame (34626 записей)
2025-06-03 01:23:11,823 - INFO - Сохранение батча 3 (1 символов)
2025-06-03 01:23:35,653 - INFO - Батч 3 сохранен (34626 записей)
2025-06-03 01:23:35,661 - INFO - Начало очистки памяти (gc.collect) после сохранения батча 3
2025-06-03 01:23:35,804 - INFO - Очистка памяти после сохранения батча 3 завершена
2025-06-03 01:23:36,242 - ERROR - Ошибка при обработке символа SOLUSDC: The truth value of a DataFrame is ambiguous. Use a.empty, a.bool(), a.item(), a.any() or a.all().
2025-06-03 01:23:36,262 - ERROR - Ошибка при обработке символа ETHBTC: The truth value of a DataFrame is ambiguous. Use a.empty, a.bool(), a.item(), a.any() or a.all().
2025-06-03 01:23:36,262 - INFO - Начало загрузки данных для символа VIRTUALUSDT за период 2022-01-01 - 2025-06-01
2025-06-03 01:23:36,263 - INFO - Текущее время задержки перед загрузкой для VIRTUALUSDT: 0.000 секунд
2025-06-03 01:23:36,263 - INFO - [Символ VIRTUALUSDT] Всего чанков для загрузки: 599
2025-06-03 01:23:37,363 - INFO - Статистика запросов: RPS=3.0, Средний RPS=1.6
2025-06-03 01:23:51,712 - INFO - Статистика запросов: RPS=5.0, Средний RPS=1.7
2025-06-03 01:24:02,769 - INFO - Статистика запросов: RPS=5.0, Средний RPS=1.7
